c:\users\administrator\documents\visual studio 2015\projects\servertcp\servertcp\x64\release\qrc_servertcp.obj
c:\users\administrator\documents\visual studio 2015\projects\servertcp\servertcp\x64\release\main.obj
c:\users\administrator\documents\visual studio 2015\projects\servertcp\servertcp\x64\release\servertcp.obj
c:\users\administrator\documents\visual studio 2015\projects\servertcp\servertcp\x64\release\moc_servertcp.obj
d:\learn\socket_qt_dotnet\servertcp\servertcp\x64\release\qrc_servertcp.obj
d:\learn\socket_qt_dotnet\servertcp\servertcp\x64\release\servertcp.obj
d:\learn\socket_qt_dotnet\servertcp\servertcp\x64\release\main.obj
d:\learn\socket_qt_dotnet\servertcp\servertcp\x64\release\moc_servertcp.obj
c:\users\administrator\documents\visual studio 2015\projects\servertcp\servertcp\generatedfiles\qrc_servertcp.cpp
c:\users\administrator\documents\visual studio 2015\projects\servertcp\servertcp\generatedfiles\release\moc_servertcp.cpp
c:\users\administrator\documents\visual studio 2015\projects\servertcp\servertcp\generatedfiles\ui_servertcp.h
d:\learn\socket_qt_dotnet\servertcp\servertcp\generatedfiles\release\moc_servertcp.cpp
d:\learn\socket_qt_dotnet\servertcp\servertcp\generatedfiles\ui_servertcp.h
d:\learn\socket_qt_dotnet\servertcp\servertcp\generatedfiles\qrc_servertcp.cpp
c:\users\administrator\documents\visual studio 2015\projects\servertcp\x64\release\servertcp.exe
d:\learn\socket_qt_dotnet\servertcp\x64\release\servertcp.exe
d:\learn\socket_qt_dotnet\servertcp\servertcp\x64\release\servertcp.tlog\cl.command.1.tlog
d:\learn\socket_qt_dotnet\servertcp\servertcp\x64\release\servertcp.tlog\cl.read.1.tlog
d:\learn\socket_qt_dotnet\servertcp\servertcp\x64\release\servertcp.tlog\cl.write.1.tlog
d:\learn\socket_qt_dotnet\servertcp\servertcp\x64\release\servertcp.tlog\custombuild.command.1.tlog
d:\learn\socket_qt_dotnet\servertcp\servertcp\x64\release\servertcp.tlog\custombuild.read.1.tlog
d:\learn\socket_qt_dotnet\servertcp\servertcp\x64\release\servertcp.tlog\custombuild.write.1.tlog
d:\learn\socket_qt_dotnet\servertcp\servertcp\x64\release\servertcp.tlog\link.command.1.tlog
d:\learn\socket_qt_dotnet\servertcp\servertcp\x64\release\servertcp.tlog\link.read.1.tlog
d:\learn\socket_qt_dotnet\servertcp\servertcp\x64\release\servertcp.tlog\link.write.1.tlog
